<?xml version="1.0" encoding="UTF-8"?>
<!-- Generated by org.testng.reporters.JUnitReportReporter -->
<testsuite hostname="DESKTOP-61VG6O9" failures="0" tests="1" name="cart.AddingOnCar" time="7.643" errors="0" timestamp="2022-11-24T15:45:37 EET" skipped="0">
  <testcase classname="cart.AddingOnCar" name="Check_The_Price_Of_The_Item" time="7.643"/>
  <system-out/>
</testsuite> <!-- cart.AddingOnCar -->
